<?xml version="1.0" encoding="UTF-8"?>
<testng-results ignored="0" total="2" passed="2" failed="0" skipped="0">
  <reporter-output>
  </reporter-output>
  <suite started-at="2023-06-29T09:29:07 IST" name="Default suite" finished-at="2023-06-29T09:29:09 IST" duration-ms="2240">
    <groups>
    </groups>
    <test started-at="2023-06-29T09:29:07 IST" name="Default test" finished-at="2023-06-29T09:29:09 IST" duration-ms="2240">
      <class name="Day1.HttpRequests">
        <test-method signature="createUser()[pri:0, instance:Day1.HttpRequests@6a192cfe]" started-at="2023-06-29T09:29:07 IST" name="createUser" finished-at="2023-06-29T09:29:09 IST" duration-ms="1700" status="PASS">
          <reporter-output>
          </reporter-output>
        </test-method> <!-- createUser -->
        <test-method signature="getUsers()[pri:1, instance:Day1.HttpRequests@6a192cfe]" started-at="2023-06-29T09:29:09 IST" name="getUsers" finished-at="2023-06-29T09:29:09 IST" duration-ms="505" status="PASS">
          <reporter-output>
          </reporter-output>
        </test-method> <!-- getUsers -->
      </class> <!-- Day1.HttpRequests -->
    </test> <!-- Default test -->
  </suite> <!-- Default suite -->
</testng-results>
